>>> Begin subprocess output
 Run JUnit Test: org.apache.commons.math3.primes.PrimesTest
Number of testcases to execute : 3
* Started : ClasseName: org.apache.commons.math3.primes.PrimesTest, MethodName: testPrimeFactors, DisplayName: testPrimeFactors(org.apache.commons.math3.primes.PrimesTest)
* Finished : ClasseName: org.apache.commons.math3.primes.PrimesTest, MethodName: testPrimeFactors
* Started : ClasseName: org.apache.commons.math3.primes.PrimesTest, MethodName: testIsPrime, DisplayName: testIsPrime(org.apache.commons.math3.primes.PrimesTest)
* Finished : ClasseName: org.apache.commons.math3.primes.PrimesTest, MethodName: testIsPrime
* Started : ClasseName: org.apache.commons.math3.primes.PrimesTest, MethodName: testNextPrime, DisplayName: testNextPrime(org.apache.commons.math3.primes.PrimesTest)
Message : expected:<11> but was:<2>
Trace : java.lang.AssertionError: expected:<11> but was:<2>
	at org.junit.Assert.fail(Assert.java:88)
	at org.junit.Assert.failNotEquals(Assert.java:743)
	at org.junit.Assert.assertEquals(Assert.java:118)
	at org.junit.Assert.assertEquals(Assert.java:555)
	at org.junit.Assert.assertEquals(Assert.java:542)
	at org.apache.commons.math3.primes.PrimesTest.testNextPrime(Unknown Source)
	at sun.reflect.NativeMethodAccessorImpl.invoke0(Native Method)
	at sun.reflect.NativeMethodAccessorImpl.invoke(NativeMethodAccessorImpl.java:57)
	at sun.reflect.DelegatingMethodAccessorImpl.invoke(DelegatingMethodAccessorImpl.java:43)
	at java.lang.reflect.Method.invoke(Method.java:606)
	at org.junit.runners.model.FrameworkMethod$1.runReflectiveCall(FrameworkMethod.java:47)
	at org.junit.internal.runners.model.ReflectiveCallable.run(ReflectiveCallable.java:12)
	at org.junit.runners.model.FrameworkMethod.invokeExplosively(FrameworkMethod.java:44)
	at org.junit.internal.runners.statements.InvokeMethod.evaluate(InvokeMethod.java:17)
	at org.junit.runners.ParentRunner.runLeaf(ParentRunner.java:271)
	at org.junit.runners.BlockJUnit4ClassRunner.runChild(BlockJUnit4ClassRunner.java:70)
	at org.junit.runners.BlockJUnit4ClassRunner.runChild(BlockJUnit4ClassRunner.java:50)
	at org.junit.runners.ParentRunner$3.run(ParentRunner.java:238)
	at org.junit.runners.ParentRunner$1.schedule(ParentRunner.java:63)
	at org.junit.runners.ParentRunner.runChildren(ParentRunner.java:236)
	at org.junit.runners.ParentRunner.access$000(ParentRunner.java:53)
	at org.junit.runners.ParentRunner$2.evaluate(ParentRunner.java:229)
	at org.junit.runners.ParentRunner.run(ParentRunner.java:309)
	at org.junit.runner.JUnitCore.run(JUnitCore.java:160)
	at org.junit.runner.JUnitCore.run(JUnitCore.java:138)
	at com.gzoltar.core.instr.testing.junit.JUnitRunner.run(JUnitRunner.java:43)
	at com.gzoltar.core.instr.Runner.main(Runner.java:46)

MethodName: testNextPrime
* Finished : ClasseName: org.apache.commons.math3.primes.PrimesTest, MethodName: testNextPrime
Number of testcases executed : 3
TestResult: 1
<<< End subprocess output
>>> Begin subprocess output
 Run JUnit Test: org.apache.commons.math3.primes.PrimesTest
Number of testcases to execute : 3
* Started : ClasseName: org.apache.commons.math3.primes.PrimesTest, MethodName: testPrimeFactors, DisplayName: testPrimeFactors(org.apache.commons.math3.primes.PrimesTest)
* Finished : ClasseName: org.apache.commons.math3.primes.PrimesTest, MethodName: testPrimeFactors
* Started : ClasseName: org.apache.commons.math3.primes.PrimesTest, MethodName: testIsPrime, DisplayName: testIsPrime(org.apache.commons.math3.primes.PrimesTest)
* Finished : ClasseName: org.apache.commons.math3.primes.PrimesTest, MethodName: testIsPrime
* Started : ClasseName: org.apache.commons.math3.primes.PrimesTest, MethodName: testNextPrime, DisplayName: testNextPrime(org.apache.commons.math3.primes.PrimesTest)
Message : expected:<11> but was:<2>
Trace : java.lang.AssertionError: expected:<11> but was:<2>
	at org.junit.Assert.fail(Assert.java:88)
	at org.junit.Assert.failNotEquals(Assert.java:743)
	at org.junit.Assert.assertEquals(Assert.java:118)
	at org.junit.Assert.assertEquals(Assert.java:555)
	at org.junit.Assert.assertEquals(Assert.java:542)
	at org.apache.commons.math3.primes.PrimesTest.testNextPrime(Unknown Source)
	at sun.reflect.NativeMethodAccessorImpl.invoke0(Native Method)
	at sun.reflect.NativeMethodAccessorImpl.invoke(NativeMethodAccessorImpl.java:57)
	at sun.reflect.DelegatingMethodAccessorImpl.invoke(DelegatingMethodAccessorImpl.java:43)
	at java.lang.reflect.Method.invoke(Method.java:606)
	at org.junit.runners.model.FrameworkMethod$1.runReflectiveCall(FrameworkMethod.java:47)
	at org.junit.internal.runners.model.ReflectiveCallable.run(ReflectiveCallable.java:12)
	at org.junit.runners.model.FrameworkMethod.invokeExplosively(FrameworkMethod.java:44)
	at org.junit.internal.runners.statements.InvokeMethod.evaluate(InvokeMethod.java:17)
	at org.junit.runners.ParentRunner.runLeaf(ParentRunner.java:271)
	at org.junit.runners.BlockJUnit4ClassRunner.runChild(BlockJUnit4ClassRunner.java:70)
	at org.junit.runners.BlockJUnit4ClassRunner.runChild(BlockJUnit4ClassRunner.java:50)
	at org.junit.runners.ParentRunner$3.run(ParentRunner.java:238)
	at org.junit.runners.ParentRunner$1.schedule(ParentRunner.java:63)
	at org.junit.runners.ParentRunner.runChildren(ParentRunner.java:236)
	at org.junit.runners.ParentRunner.access$000(ParentRunner.java:53)
	at org.junit.runners.ParentRunner$2.evaluate(ParentRunner.java:229)
	at org.junit.runners.ParentRunner.run(ParentRunner.java:309)
	at org.junit.runner.JUnitCore.run(JUnitCore.java:160)
	at org.junit.runner.JUnitCore.run(JUnitCore.java:138)
	at com.gzoltar.core.instr.testing.junit.JUnitRunner.run(JUnitRunner.java:43)
	at com.gzoltar.core.instr.Runner.main(Runner.java:46)

MethodName: testNextPrime
* Finished : ClasseName: org.apache.commons.math3.primes.PrimesTest, MethodName: testNextPrime
Number of testcases executed : 3
TestResult: 1
<<< End subprocess output
